iMPACT Version: 
iMPACT log file Started on Tue Nov 27 14:23:57 2007

// *** BATCH CMD : loadProjectFile -file"/projects/randy/whirlygig-cpld/whirlygig-cpld.ipf"
'1': Loading file '/projects/randy/whirlygig-cpld/whirlygig.jed' ...
done.
INFO:iMPACT:1777 - 
   Reading /usr/share/Xilinx92i/xc9500xl/data/xc95288xl.bsd...
INFO:iMPACT:501 - '1': Added Device xc95288xl successfully.
----------------------------------------------------------------------
----------------------------------------------------------------------
Active mode is BS
// *** BATCH CMD : setMode -ss
// *** BATCH CMD : setMode -sm
// *** BATCH CMD : setMode -hw140
// *** BATCH CMD : setMode -spi
// *** BATCH CMD : setMode -acecf
// *** BATCH CMD : setMode -acempm
// *** BATCH CMD : setMode -pff
// *** BATCH CMD : setMode -bs
// *** BATCH CMD : setMode -bs
// *** BATCH CMD : setMode -bs
// *** BATCH CMD : setMode -bs
// *** BATCH CMD : setCable -port svf -file"/projects/randy/whirlygig-cpld/whirlygig.svf"
Reusing 6403A981 key.
Reusing E803A981 key.
// *** BATCH CMD : Program -p 1 -e -defaultVersion 0 


'1': Erasing device...
'1': Erasure completed successfully.
'1': Programming device...
done.
'1': Putting device in ISP mode...done.
'1': Putting device in ISP mode...done.
'1': Programming completed successfully.
PROGRESS_END - End Operation.
Elapsed time =      0 sec.
PROGRESS_START - Starting Operation.
// *** BATCH CMD : setCable -port svf -file"/projects/randy/whirlygig-cpld/whirlygig.svf"
Reusing 6403A981 key.
Reusing E803A981 key.
Updating config file /projects/randy/whirlygig-cpld/whirlygig.jed...
// *** BATCH CMD : Program -p 1 -e -defaultVersion 0 


'1': Erasing device...
'1': Erasure completed successfully.
'1': Programming device...
done.
'1': Putting device in ISP mode...done.
'1': Putting device in ISP mode...done.
'1': Programming completed successfully.
PROGRESS_END - End Operation.
Elapsed time =      0 sec.
PROGRESS_START - Starting Operation.
// *** BATCH CMD : setCable -port svf -file"/projects/randy/whirlygig-cpld/whirlygig.svf"
Reusing 6403A981 key.
Reusing E803A981 key.
Updating config file /projects/randy/whirlygig-cpld/whirlygig.jed...
// *** BATCH CMD : Program -p 1 -e -defaultVersion 0 


'1': Erasing device...
'1': Erasure completed successfully.
'1': Programming device...
done.
'1': Putting device in ISP mode...done.
'1': Putting device in ISP mode...done.
'1': Programming completed successfully.
PROGRESS_END - End Operation.
Elapsed time =      0 sec.
PROGRESS_START - Starting Operation.
// *** BATCH CMD : setCable -port svf -file"/projects/randy/whirlygig-cpld/whirlygig.svf"
Reusing 6403A981 key.
Reusing E803A981 key.
Updating config file /projects/randy/whirlygig-cpld/whirlygig.jed...
// *** BATCH CMD : Program -p 1 -e -defaultVersion 0 


'1': Erasing device...
'1': Erasure completed successfully.
'1': Programming device...
done.
'1': Putting device in ISP mode...done.
'1': Putting device in ISP mode...done.
'1': Programming completed successfully.
PROGRESS_END - End Operation.
Elapsed time =      1 sec.
PROGRESS_START - Starting Operation.
// *** BATCH CMD : setCable -port svf -file"/projects/randy/whirlygig-cpld/whirlygig.svf"
Reusing 6403A981 key.
Reusing E803A981 key.
// *** BATCH CMD : Program -p 1 -e -defaultVersion 0 


'1': Erasing device...
'1': Erasure completed successfully.
'1': Programming device...
done.
'1': Putting device in ISP mode...done.
'1': Putting device in ISP mode...done.
'1': Programming completed successfully.
PROGRESS_END - End Operation.
Elapsed time =      0 sec.
PROGRESS_START - Starting Operation.
// *** BATCH CMD : setCable -port svf -file"/projects/randy/whirlygig-cpld/whirlygig.svf"
Reusing 6403A981 key.
Reusing E803A981 key.
Updating config file /projects/randy/whirlygig-cpld/whirlygig.jed...
// *** BATCH CMD : Program -p 1 -e -defaultVersion 0 


'1': Erasing device...
'1': Erasure completed successfully.
'1': Programming device...
done.
'1': Putting device in ISP mode...done.
'1': Putting device in ISP mode...done.
'1': Programming completed successfully.
PROGRESS_END - End Operation.
Elapsed time =      0 sec.
PROGRESS_START - Starting Operation.
// *** BATCH CMD : setCable -port svf -file"/projects/randy/whirlygig-cpld/whirlygig.svf"
Reusing 6403A981 key.
Reusing E803A981 key.
Updating config file /projects/randy/whirlygig-cpld/whirlygig.jed...
// *** BATCH CMD : Program -p 1 -e -defaultVersion 0 


'1': Erasing device...
'1': Erasure completed successfully.
'1': Programming device...
done.
'1': Putting device in ISP mode...done.
'1': Putting device in ISP mode...done.
'1': Programming completed successfully.
PROGRESS_END - End Operation.
Elapsed time =      1 sec.
PROGRESS_START - Starting Operation.
// *** BATCH CMD : setCable -port svf -file"/projects/randy/whirlygig-cpld/whirlygig.svf"
Reusing 6403A981 key.
Reusing E803A981 key.
Updating config file /projects/randy/whirlygig-cpld/whirlygig.jed...
// *** BATCH CMD : Program -p 1 -e -defaultVersion 0 


'1': Erasing device...
'1': Erasure completed successfully.
'1': Programming device...
done.
'1': Putting device in ISP mode...done.
'1': Putting device in ISP mode...done.
'1': Programming completed successfully.
PROGRESS_END - End Operation.
Elapsed time =      0 sec.
PROGRESS_START - Starting Operation.
// *** BATCH CMD : setCable -port svf -file"/projects/randy/whirlygig-cpld/whirlygig.svf"
Reusing 6403A981 key.
Reusing E803A981 key.
Updating config file /projects/randy/whirlygig-cpld/whirlygig.jed...
// *** BATCH CMD : Program -p 1 -e -defaultVersion 0 


'1': Erasing device...
'1': Erasure completed successfully.
'1': Programming device...
done.
'1': Putting device in ISP mode...done.
'1': Putting device in ISP mode...done.
'1': Programming completed successfully.
PROGRESS_END - End Operation.
Elapsed time =      0 sec.
PROGRESS_START - Starting Operation.
// *** BATCH CMD : setCable -port svf -file"/projects/randy/whirlygig-cpld/whirlygig.svf"
Reusing 6403A981 key.
Reusing E803A981 key.
Updating config file /projects/randy/whirlygig-cpld/whirlygig.jed...
// *** BATCH CMD : Program -p 1 -e -defaultVersion 0 


'1': Erasing device...
'1': Erasure completed successfully.
'1': Programming device...
done.
'1': Putting device in ISP mode...done.
'1': Putting device in ISP mode...done.
'1': Programming completed successfully.
PROGRESS_END - End Operation.
Elapsed time =      0 sec.
PROGRESS_START - Starting Operation.
// *** BATCH CMD : setCable -port svf -file"/projects/randy/whirlygig-cpld/whirlygig.svf"
Reusing 6403A981 key.
Reusing E803A981 key.
Updating config file /projects/randy/whirlygig-cpld/whirlygig.jed...
// *** BATCH CMD : Program -p 1 -e -defaultVersion 0 


'1': Erasing device...
'1': Erasure completed successfully.
'1': Programming device...
done.
'1': Putting device in ISP mode...done.
'1': Putting device in ISP mode...done.
'1': Programming completed successfully.
PROGRESS_END - End Operation.
Elapsed time =      1 sec.
PROGRESS_START - Starting Operation.
// *** BATCH CMD : setCable -port svf -file"/projects/randy/whirlygig-cpld/whirlygig.svf"
Reusing 6403A981 key.
Reusing E803A981 key.
Updating config file /projects/randy/whirlygig-cpld/whirlygig.jed...
// *** BATCH CMD : Program -p 1 -e -defaultVersion 0 


'1': Erasing device...
'1': Erasure completed successfully.
'1': Programming device...
done.
'1': Putting device in ISP mode...done.
'1': Putting device in ISP mode...done.
'1': Programming completed successfully.
PROGRESS_END - End Operation.
Elapsed time =      0 sec.
PROGRESS_START - Starting Operation.
// *** BATCH CMD : setCable -port svf -file"/projects/randy/whirlygig-cpld/whirlygig.svf"
Reusing 6403A981 key.
Reusing E803A981 key.
Updating config file /projects/randy/whirlygig-cpld/whirlygig.jed...
// *** BATCH CMD : Program -p 1 -e -defaultVersion 0 


'1': Erasing device...
'1': Erasure completed successfully.
'1': Programming device...
done.
'1': Putting device in ISP mode...done.
'1': Putting device in ISP mode...done.
'1': Programming completed successfully.
PROGRESS_END - End Operation.
Elapsed time =      0 sec.
PROGRESS_START - Starting Operation.
// *** BATCH CMD : setCable -port svf -file"/projects/randy/whirlygig-cpld/whirlygig.svf"
Reusing 6403A981 key.
Reusing E803A981 key.
Updating config file /projects/randy/whirlygig-cpld/whirlygig.jed...
// *** BATCH CMD : Program -p 1 -e -defaultVersion 0 


'1': Erasing device...
'1': Erasure completed successfully.
'1': Programming device...
done.
'1': Putting device in ISP mode...done.
'1': Putting device in ISP mode...done.
'1': Programming completed successfully.
PROGRESS_END - End Operation.
Elapsed time =      0 sec.
PROGRESS_START - Starting Operation.
// *** BATCH CMD : setCable -port svf -file"/projects/randy/whirlygig-cpld/whirlygig.svf"
Reusing 6403A981 key.
Reusing E803A981 key.
Updating config file /projects/randy/whirlygig-cpld/whirlygig.jed...
// *** BATCH CMD : Program -p 1 -e -defaultVersion 0 


'1': Erasing device...
'1': Erasure completed successfully.
'1': Programming device...
done.
'1': Putting device in ISP mode...done.
'1': Putting device in ISP mode...done.
'1': Programming completed successfully.
PROGRESS_END - End Operation.
Elapsed time =      0 sec.
PROGRESS_START - Starting Operation.
// *** BATCH CMD : setCable -port svf -file"/projects/randy/whirlygig-cpld/whirlygig.svf"
Reusing 6403A981 key.
Reusing E803A981 key.
Updating config file /projects/randy/whirlygig-cpld/whirlygig.jed...
// *** BATCH CMD : Program -p 1 -e -defaultVersion 0 


'1': Erasing device...
'1': Erasure completed successfully.
'1': Programming device...
done.
'1': Putting device in ISP mode...done.
'1': Putting device in ISP mode...done.
'1': Programming completed successfully.
PROGRESS_END - End Operation.
Elapsed time =      0 sec.
PROGRESS_START - Starting Operation.
// *** BATCH CMD : setCable -port svf -file"/projects/randy/whirlygig-cpld/whirlygig.svf"
Reusing 6403A981 key.
Reusing E803A981 key.
Updating config file /projects/randy/whirlygig-cpld/whirlygig.jed...
// *** BATCH CMD : Program -p 1 -e -defaultVersion 0 


'1': Erasing device...
'1': Erasure completed successfully.
'1': Programming device...
done.
'1': Putting device in ISP mode...done.
'1': Putting device in ISP mode...done.
'1': Programming completed successfully.
PROGRESS_END - End Operation.
Elapsed time =      0 sec.
PROGRESS_START - Starting Operation.
// *** BATCH CMD : setCable -port svf -file"/projects/randy/whirlygig-cpld/whirlygig.svf"
Reusing 6403A981 key.
Reusing E803A981 key.
Updating config file /projects/randy/whirlygig-cpld/whirlygig.jed...
// *** BATCH CMD : Program -p 1 -e -defaultVersion 0 


'1': Erasing device...
'1': Erasure completed successfully.
'1': Programming device...
done.
'1': Putting device in ISP mode...done.
'1': Putting device in ISP mode...done.
'1': Programming completed successfully.
PROGRESS_END - End Operation.
Elapsed time =      0 sec.
PROGRESS_START - Starting Operation.
// *** BATCH CMD : setCable -port svf -file"/projects/randy/whirlygig-cpld/whirlygig.svf"
Reusing 6403A981 key.
Reusing E803A981 key.
Updating config file /projects/randy/whirlygig-cpld/whirlygig.jed...
// *** BATCH CMD : Program -p 1 -e -defaultVersion 0 


'1': Erasing device...
'1': Erasure completed successfully.
'1': Programming device...
done.
'1': Putting device in ISP mode...done.
'1': Putting device in ISP mode...done.
'1': Programming completed successfully.
PROGRESS_END - End Operation.
Elapsed time =      0 sec.
PROGRESS_START - Starting Operation.
// *** BATCH CMD : setCable -port svf -file"/projects/randy/whirlygig-cpld/whirlygig.svf"
Reusing 6403A981 key.
Reusing E803A981 key.
Updating config file /projects/randy/whirlygig-cpld/whirlygig.jed...
// *** BATCH CMD : Program -p 1 -e -defaultVersion 0 


'1': Erasing device...
'1': Erasure completed successfully.
'1': Programming device...
done.
'1': Putting device in ISP mode...done.
'1': Putting device in ISP mode...done.
'1': Programming completed successfully.
PROGRESS_END - End Operation.
Elapsed time =      0 sec.
PROGRESS_START - Starting Operation.
// *** BATCH CMD : setCable -port svf -file"/projects/randy/whirlygig-cpld/whirlygig.svf"
Reusing 6403A981 key.
Reusing E803A981 key.
// *** BATCH CMD : setCable -port svf -file"/projects/randy/whirlygig-cpld/whirlygig.svf"
Reusing 6403A981 key.
Reusing E803A981 key.
Updating config file /projects/randy/whirlygig-cpld/whirlygig.jed...
// *** BATCH CMD : Program -p 1 -e -defaultVersion 0 


'1': Erasing device...
'1': Erasure completed successfully.
'1': Programming device...
done.
'1': Putting device in ISP mode...done.
'1': Putting device in ISP mode...done.
'1': Programming completed successfully.
PROGRESS_END - End Operation.
Elapsed time =      0 sec.
PROGRESS_START - Starting Operation.
// *** BATCH CMD : setCable -port svf -file"/projects/randy/whirlygig-cpld/whirlygig.svf"
Reusing 6403A981 key.
Reusing E803A981 key.
Updating config file /projects/randy/whirlygig-cpld/whirlygig.jed...
// *** BATCH CMD : Program -p 1 -e -defaultVersion 0 


'1': Erasing device...
'1': Erasure completed successfully.
'1': Programming device...
done.
'1': Putting device in ISP mode...done.
'1': Putting device in ISP mode...done.
'1': Programming completed successfully.
PROGRESS_END - End Operation.
Elapsed time =      1 sec.
PROGRESS_START - Starting Operation.
// *** BATCH CMD : setCable -port svf -file"/projects/randy/whirlygig-cpld/whirlygig.svf"
Reusing 6403A981 key.
Reusing E803A981 key.
Updating config file /projects/randy/whirlygig-cpld/whirlygig.jed...
// *** BATCH CMD : Program -p 1 -e -defaultVersion 0 


'1': Erasing device...
'1': Erasure completed successfully.
'1': Programming device...
done.
'1': Putting device in ISP mode...done.
'1': Putting device in ISP mode...done.
'1': Programming completed successfully.
PROGRESS_END - End Operation.
Elapsed time =      1 sec.
PROGRESS_START - Starting Operation.
// *** BATCH CMD : setMode -bs
// *** BATCH CMD : deleteDevice -position 1
// *** BATCH CMD : loadProjectFile -file"/projects/randy/randy-cpld/randy-cpld.ipf"
'1': Loading file '/projects/randy/randy-cpld/randy.jed' ...
done.
INFO:iMPACT:1777 - 
   Reading /usr/share/Xilinx92i/xc9500xl/data/xc95288xl.bsd...
INFO:iMPACT:501 - '1': Added Device xc95288xl successfully.
----------------------------------------------------------------------
----------------------------------------------------------------------
Active mode is BS
// *** BATCH CMD : setMode -ss
// *** BATCH CMD : setMode -sm
// *** BATCH CMD : setMode -hw140
// *** BATCH CMD : setMode -spi
// *** BATCH CMD : setMode -acecf
// *** BATCH CMD : setMode -acempm
// *** BATCH CMD : setMode -pff
// *** BATCH CMD : setMode -bs
// *** BATCH CMD : setMode -bs
// *** BATCH CMD : setMode -bs
// *** BATCH CMD : setMode -bs
// *** BATCH CMD : setCable -port svf -file"/projects/randy/whirlygig-cpld/whirlygig.svf"
Reusing 6403A981 key.
Reusing E803A981 key.
// *** BATCH CMD : Program -p 1 -e -defaultVersion 0 


'1': Erasing device...
'1': Erasure completed successfully.
'1': Programming device...
done.
'1': Putting device in ISP mode...done.
'1': Putting device in ISP mode...done.
'1': Programming completed successfully.
PROGRESS_END - End Operation.
Elapsed time =      0 sec.
PROGRESS_START - Starting Operation.
// *** BATCH CMD : setCable -port svf -file"/projects/randy/whirlygig-cpld/whirlygig.svf"
Reusing 6403A981 key.
Reusing E803A981 key.
// *** BATCH CMD : Program -p 1 -e -defaultVersion 0 


'1': Erasing device...
'1': Erasure completed successfully.
'1': Programming device...
done.
'1': Putting device in ISP mode...done.
'1': Putting device in ISP mode...done.
'1': Programming completed successfully.
PROGRESS_END - End Operation.
Elapsed time =      0 sec.
PROGRESS_START - Starting Operation.
// *** BATCH CMD : setCable -port svf -file"/projects/randy/whirlygig-cpld/whirlygig.svf"
Reusing 6403A981 key.
Reusing E803A981 key.
// *** BATCH CMD : Program -p 1 -e -defaultVersion 0 


'1': Erasing device...
'1': Erasure completed successfully.
'1': Programming device...
done.
'1': Putting device in ISP mode...done.
'1': Putting device in ISP mode...done.
'1': Programming completed successfully.
PROGRESS_END - End Operation.
Elapsed time =      0 sec.
PROGRESS_START - Starting Operation.
// *** BATCH CMD : setCable -port svf -file"/projects/randy/whirlygig-cpld/whirlygig.svf"
Reusing 6403A981 key.
Reusing E803A981 key.
// *** BATCH CMD : Program -p 1 -e -defaultVersion 0 


'1': Erasing device...
'1': Erasure completed successfully.
'1': Programming device...
done.
'1': Putting device in ISP mode...done.
'1': Putting device in ISP mode...done.
'1': Programming completed successfully.
PROGRESS_END - End Operation.
Elapsed time =      0 sec.
PROGRESS_START - Starting Operation.
// *** BATCH CMD : setCable -port svf -file"/projects/randy/whirlygig-cpld/whirlygig.svf"
Reusing 6403A981 key.
Reusing E803A981 key.
// *** BATCH CMD : Program -p 1 -e -defaultVersion 0 


'1': Erasing device...
'1': Erasure completed successfully.
'1': Programming device...
done.
'1': Putting device in ISP mode...done.
'1': Putting device in ISP mode...done.
'1': Programming completed successfully.
PROGRESS_END - End Operation.
Elapsed time =      0 sec.
PROGRESS_START - Starting Operation.
// *** BATCH CMD : setCable -port svf -file"/projects/randy/whirlygig-cpld/whirlygig.svf"
Reusing 6403A981 key.
Reusing E803A981 key.
// *** BATCH CMD : Program -p 1 -e -v -defaultVersion 0 


'1': Erasing device...
'1': Erasure completed successfully.
'1': Programming device...
done.
'1': Putting device in ISP mode...done.
'1': Putting device in ISP mode...done.
'1': Verifying device...done.
'1': Verification completed successfully.
'1': Putting device in ISP mode...done.
'1': Programming completed successfully.
PROGRESS_END - End Operation.
Elapsed time =      0 sec.
PROGRESS_START - Starting Operation.
// *** BATCH CMD : setCable -port svf -file"/projects/randy/whirlygig-cpld/whirlygig.svf"
Reusing 6403A981 key.
Reusing E803A981 key.
// *** BATCH CMD : Program -p 1 -e -v -defaultVersion 0 


'1': Erasing device...
'1': Erasure completed successfully.
'1': Programming device...
done.
'1': Putting device in ISP mode...done.
'1': Putting device in ISP mode...done.
'1': Verifying device...done.
'1': Verification completed successfully.
'1': Putting device in ISP mode...done.
'1': Programming completed successfully.
PROGRESS_END - End Operation.
Elapsed time =      0 sec.
PROGRESS_START - Starting Operation.
// *** BATCH CMD : setCable -port svf -file"/projects/randy/whirlygig-cpld/whirlygig.svf"
Reusing 6403A981 key.
Reusing E803A981 key.
// *** BATCH CMD : Program -p 1 -e -v -defaultVersion 0 


'1': Erasing device...
'1': Erasure completed successfully.
'1': Programming device...
done.
'1': Putting device in ISP mode...done.
'1': Putting device in ISP mode...done.
'1': Verifying device...done.
'1': Verification completed successfully.
'1': Putting device in ISP mode...done.
'1': Programming completed successfully.
PROGRESS_END - End Operation.
Elapsed time =      1 sec.
PROGRESS_START - Starting Operation.
// *** BATCH CMD : assignFile -p 1 -file"/projects/randy/whirlygig-cpld/whirlygig.jed"
'1': Loading file '/projects/randy/whirlygig-cpld/whirlygig.jed' ...
done.
INFO:iMPACT:501 - '1': Added Device xc95288xl successfully.
----------------------------------------------------------------------
----------------------------------------------------------------------
----------------------------------------------------------------------
----------------------------------------------------------------------
// *** BATCH CMD : setCable -port svf -file"/projects/randy/whirlygig-cpld/whirlygig.svf"
Reusing 6403A981 key.
Reusing E803A981 key.
// *** BATCH CMD : Program -p 1 -e -v -defaultVersion 0 


'1': Erasing device...
'1': Erasure completed successfully.
'1': Programming device...
done.
'1': Putting device in ISP mode...done.
'1': Putting device in ISP mode...done.
'1': Verifying device...done.
'1': Verification completed successfully.
'1': Putting device in ISP mode...done.
'1': Programming completed successfully.
PROGRESS_END - End Operation.
Elapsed time =      0 sec.
PROGRESS_START - Starting Operation.
// *** BATCH CMD : saveProjectFile -file"/projects/randy/whirlygig-cpld/whirlygig-cpld.ipf"
// *** BATCH CMD : setMode -bs
// *** BATCH CMD : deleteDevice -position 1
// *** BATCH CMD : loadProjectFile -file"/projects/randy/whirlygig-cpld/whirlygig-cpld.ipf"
'1': Loading file '/projects/randy/whirlygig-cpld/whirlygig.jed' ...
done.
INFO:iMPACT:1777 - 
   Reading /usr/share/Xilinx92i/xc9500xl/data/xc95288xl.bsd...
INFO:iMPACT:501 - '1': Added Device xc95288xl successfully.
----------------------------------------------------------------------
----------------------------------------------------------------------
Active mode is BS
// *** BATCH CMD : setMode -ss
// *** BATCH CMD : setMode -sm
// *** BATCH CMD : setMode -hw140
// *** BATCH CMD : setMode -spi
// *** BATCH CMD : setMode -acecf
// *** BATCH CMD : setMode -acempm
// *** BATCH CMD : setMode -pff
// *** BATCH CMD : setMode -bs
// *** BATCH CMD : setMode -bs
// *** BATCH CMD : setMode -bs
// *** BATCH CMD : setMode -bs
// *** BATCH CMD : setCable -port svf -file"/projects/randy/whirlygig-cpld/whirlygig.svf"
Reusing 6403A981 key.
Reusing E803A981 key.
// *** BATCH CMD : Program -p 1 -e -v -defaultVersion 0 


'1': Erasing device...
'1': Erasure completed successfully.
'1': Programming device...
done.
'1': Putting device in ISP mode...done.
'1': Putting device in ISP mode...done.
'1': Verifying device...done.
'1': Verification completed successfully.
'1': Putting device in ISP mode...done.
'1': Programming completed successfully.
PROGRESS_END - End Operation.
Elapsed time =      0 sec.
PROGRESS_START - Starting Operation.
// *** BATCH CMD : setCable -port svf -file"/projects/randy/whirlygig-cpld/whirlygig.svf"
Reusing 6403A981 key.
Reusing E803A981 key.
Updating config file /projects/randy/whirlygig-cpld/whirlygig.jed...
// *** BATCH CMD : Program -p 1 -e -v -defaultVersion 0 


'1': Erasing device...
'1': Erasure completed successfully.
'1': Programming device...
done.
'1': Putting device in ISP mode...done.
'1': Putting device in ISP mode...done.
'1': Verifying device...done.
'1': Verification completed successfully.
'1': Putting device in ISP mode...done.
'1': Programming completed successfully.
PROGRESS_END - End Operation.
Elapsed time =      0 sec.
PROGRESS_START - Starting Operation.
// *** BATCH CMD : setCable -port svf -file"/projects/randy/whirlygig-cpld/whirlygig.svf"
Reusing 6403A981 key.
Reusing E803A981 key.
Updating config file /projects/randy/whirlygig-cpld/whirlygig.jed...
// *** BATCH CMD : Program -p 1 -e -v -defaultVersion 0 


'1': Erasing device...
'1': Erasure completed successfully.
'1': Programming device...
done.
'1': Putting device in ISP mode...done.
'1': Putting device in ISP mode...done.
'1': Verifying device...done.
'1': Verification completed successfully.
'1': Putting device in ISP mode...done.
'1': Programming completed successfully.
PROGRESS_END - End Operation.
Elapsed time =      1 sec.
PROGRESS_START - Starting Operation.
// *** BATCH CMD : setCable -port svf -file"/projects/randy/whirlygig-cpld/whirlygig.svf"
Reusing 6403A981 key.
Reusing E803A981 key.
Updating config file /projects/randy/whirlygig-cpld/whirlygig.jed...
// *** BATCH CMD : Program -p 1 -e -v -defaultVersion 0 


'1': Erasing device...
'1': Erasure completed successfully.
'1': Programming device...
done.
'1': Putting device in ISP mode...done.
'1': Putting device in ISP mode...done.
'1': Verifying device...done.
'1': Verification completed successfully.
'1': Putting device in ISP mode...done.
'1': Programming completed successfully.
PROGRESS_END - End Operation.
Elapsed time =      1 sec.
PROGRESS_START - Starting Operation.
// *** BATCH CMD : setCable -port svf -file"/projects/randy/whirlygig-cpld/whirlygig.svf"
Reusing 6403A981 key.
Reusing E803A981 key.
Updating config file /projects/randy/whirlygig-cpld/whirlygig.jed...
// *** BATCH CMD : Program -p 1 -e -v -defaultVersion 0 


'1': Erasing device...
'1': Erasure completed successfully.
'1': Programming device...
done.
'1': Putting device in ISP mode...done.
'1': Putting device in ISP mode...done.
'1': Verifying device...done.
'1': Verification completed successfully.
'1': Putting device in ISP mode...done.
'1': Programming completed successfully.
PROGRESS_END - End Operation.
Elapsed time =      0 sec.
PROGRESS_START - Starting Operation.
// *** BATCH CMD : setCable -port svf -file"/projects/randy/whirlygig-cpld/whirlygig.svf"
Reusing 6403A981 key.
Reusing E803A981 key.
Updating config file /projects/randy/whirlygig-cpld/whirlygig.jed...
// *** BATCH CMD : Program -p 1 -e -v -defaultVersion 0 


'1': Erasing device...
'1': Erasure completed successfully.
'1': Programming device...
done.
'1': Putting device in ISP mode...done.
'1': Putting device in ISP mode...done.
'1': Verifying device...done.
'1': Verification completed successfully.
'1': Putting device in ISP mode...done.
'1': Programming completed successfully.
PROGRESS_END - End Operation.
Elapsed time =      0 sec.
PROGRESS_START - Starting Operation.
// *** BATCH CMD : setCable -port svf -file"/projects/randy/whirlygig-cpld/whirlygig.svf"
Reusing 6403A981 key.
Reusing E803A981 key.
Updating config file /projects/randy/whirlygig-cpld/whirlygig.jed...
// *** BATCH CMD : Program -p 1 -e -v -defaultVersion 0 


'1': Erasing device...
'1': Erasure completed successfully.
'1': Programming device...
done.
'1': Putting device in ISP mode...done.
'1': Putting device in ISP mode...done.
'1': Verifying device...done.
'1': Verification completed successfully.
'1': Putting device in ISP mode...done.
'1': Programming completed successfully.
PROGRESS_END - End Operation.
Elapsed time =      0 sec.
PROGRESS_START - Starting Operation.
// *** BATCH CMD : setCable -port svf -file"/projects/randy/whirlygig-cpld/whirlygig.svf"
Reusing 6403A981 key.
Reusing E803A981 key.
Updating config file /projects/randy/whirlygig-cpld/whirlygig.jed...
// *** BATCH CMD : Program -p 1 -e -v -defaultVersion 0 


'1': Erasing device...
'1': Erasure completed successfully.
'1': Programming device...
done.
'1': Putting device in ISP mode...done.
'1': Putting device in ISP mode...done.
'1': Verifying device...done.
'1': Verification completed successfully.
'1': Putting device in ISP mode...done.
'1': Programming completed successfully.
PROGRESS_END - End Operation.
Elapsed time =      0 sec.
PROGRESS_START - Starting Operation.
// *** BATCH CMD : setCable -port svf -file"/projects/randy/whirlygig-cpld/whirlygig.svf"
Reusing 6403A981 key.
Reusing E803A981 key.
Updating config file /projects/randy/whirlygig-cpld/whirlygig.jed...
// *** BATCH CMD : Program -p 1 -e -v -defaultVersion 0 


'1': Erasing device...
'1': Erasure completed successfully.
'1': Programming device...
done.
'1': Putting device in ISP mode...done.
'1': Putting device in ISP mode...done.
'1': Verifying device...done.
'1': Verification completed successfully.
'1': Putting device in ISP mode...done.
'1': Programming completed successfully.
PROGRESS_END - End Operation.
Elapsed time =      0 sec.
PROGRESS_START - Starting Operation.
// *** BATCH CMD : setCable -port svf -file"/projects/randy/whirlygig-cpld/whirlygig.svf"
Reusing 6403A981 key.
Reusing E803A981 key.
Updating config file /projects/randy/whirlygig-cpld/whirlygig.jed...
// *** BATCH CMD : Program -p 1 -e -v -defaultVersion 0 


'1': Erasing device...
'1': Erasure completed successfully.
'1': Programming device...
done.
'1': Putting device in ISP mode...done.
'1': Putting device in ISP mode...done.
'1': Verifying device...done.
'1': Verification completed successfully.
'1': Putting device in ISP mode...done.
'1': Programming completed successfully.
PROGRESS_END - End Operation.
Elapsed time =      0 sec.
PROGRESS_START - Starting Operation.
// *** BATCH CMD : setCable -port svf -file"/projects/randy/whirlygig-cpld/whirlygig.svf"
Reusing 6403A981 key.
Reusing E803A981 key.
Updating config file /projects/randy/whirlygig-cpld/whirlygig.jed...
// *** BATCH CMD : Program -p 1 -e -v -defaultVersion 0 


'1': Erasing device...
'1': Erasure completed successfully.
'1': Programming device...
done.
'1': Putting device in ISP mode...done.
'1': Putting device in ISP mode...done.
'1': Verifying device...done.
'1': Verification completed successfully.
'1': Putting device in ISP mode...done.
'1': Programming completed successfully.
PROGRESS_END - End Operation.
Elapsed time =      0 sec.
PROGRESS_START - Starting Operation.
// *** BATCH CMD : saveProjectFile -file"/projects/randy/whirlygig-cpld/whirlygig-cpld.ipf"
// *** BATCH CMD : setMode -bs
// *** BATCH CMD : deleteDevice -position 1
// *** BATCH CMD : loadProjectFile -file"/projects/randy/whirlygig-cpld/whirlygig-cpld.ipf"
'1': Loading file '/projects/randy/whirlygig-cpld/whirlygig.jed' ...
done.
INFO:iMPACT:1777 - 
   Reading /usr/share/Xilinx92i/xc9500xl/data/xc95288xl.bsd...
INFO:iMPACT:501 - '1': Added Device xc95288xl successfully.
----------------------------------------------------------------------
----------------------------------------------------------------------
Active mode is BS
// *** BATCH CMD : setMode -ss
// *** BATCH CMD : setMode -sm
// *** BATCH CMD : setMode -hw140
// *** BATCH CMD : setMode -spi
// *** BATCH CMD : setMode -acecf
// *** BATCH CMD : setMode -acempm
// *** BATCH CMD : setMode -pff
// *** BATCH CMD : setMode -bs
// *** BATCH CMD : setMode -bs
// *** BATCH CMD : setMode -bs
// *** BATCH CMD : setMode -bs
// *** BATCH CMD : setCable -port svf -file"/projects/randy/whirlygig-cpld/whirlygig.svf"
Reusing 6403A981 key.
Reusing E803A981 key.
// *** BATCH CMD : Program -p 1 -e -v -defaultVersion 0 


'1': Erasing device...
'1': Erasure completed successfully.
'1': Programming device...
done.
'1': Putting device in ISP mode...done.
'1': Putting device in ISP mode...done.
'1': Verifying device...done.
'1': Verification completed successfully.
'1': Putting device in ISP mode...done.
'1': Programming completed successfully.
PROGRESS_END - End Operation.
Elapsed time =      0 sec.
PROGRESS_START - Starting Operation.
// *** BATCH CMD : setCable -port svf -file"/projects/randy/whirlygig-cpld/whirlygig.svf"
Reusing 6403A981 key.
Reusing E803A981 key.
Updating config file /projects/randy/whirlygig-cpld/whirlygig.jed...
// *** BATCH CMD : Program -p 1 -e -v -defaultVersion 0 


'1': Erasing device...
'1': Erasure completed successfully.
'1': Programming device...
done.
'1': Putting device in ISP mode...done.
'1': Putting device in ISP mode...done.
'1': Verifying device...done.
'1': Verification completed successfully.
'1': Putting device in ISP mode...done.
'1': Programming completed successfully.
PROGRESS_END - End Operation.
Elapsed time =      1 sec.
PROGRESS_START - Starting Operation.
// *** BATCH CMD : setCable -port svf -file"/projects/randy/whirlygig-cpld/whirlygig.svf"
Reusing 6403A981 key.
Reusing E803A981 key.
Updating config file /projects/randy/whirlygig-cpld/whirlygig.jed...
// *** BATCH CMD : Program -p 1 -e -v -defaultVersion 0 


'1': Erasing device...
'1': Erasure completed successfully.
'1': Programming device...
done.
'1': Putting device in ISP mode...done.
'1': Putting device in ISP mode...done.
'1': Verifying device...done.
'1': Verification completed successfully.
'1': Putting device in ISP mode...done.
'1': Programming completed successfully.
PROGRESS_END - End Operation.
Elapsed time =      1 sec.
PROGRESS_START - Starting Operation.
// *** BATCH CMD : setCable -port svf -file"/projects/randy/whirlygig-cpld/whirlygig.svf"
Reusing 6403A981 key.
Reusing E803A981 key.
Updating config file /projects/randy/whirlygig-cpld/whirlygig.jed...
// *** BATCH CMD : Program -p 1 -e -v -defaultVersion 0 


'1': Erasing device...
'1': Erasure completed successfully.
'1': Programming device...
done.
'1': Putting device in ISP mode...done.
'1': Putting device in ISP mode...done.
'1': Verifying device...done.
'1': Verification completed successfully.
'1': Putting device in ISP mode...done.
'1': Programming completed successfully.
PROGRESS_END - End Operation.
Elapsed time =      1 sec.
PROGRESS_START - Starting Operation.
// *** BATCH CMD : setCable -port svf -file"/projects/randy/whirlygig-cpld/whirlygig.svf"
Reusing 6403A981 key.
Reusing E803A981 key.
Updating config file /projects/randy/whirlygig-cpld/whirlygig.jed...
// *** BATCH CMD : Program -p 1 -e -v -defaultVersion 0 


'1': Erasing device...
'1': Erasure completed successfully.
'1': Programming device...
done.
'1': Putting device in ISP mode...done.
'1': Putting device in ISP mode...done.
'1': Verifying device...done.
'1': Verification completed successfully.
'1': Putting device in ISP mode...done.
'1': Programming completed successfully.
PROGRESS_END - End Operation.
Elapsed time =      0 sec.
PROGRESS_START - Starting Operation.
// *** BATCH CMD : setCable -port svf -file"/projects/randy/whirlygig-cpld/whirlygig.svf"
Reusing 6403A981 key.
Reusing E803A981 key.
Updating config file /projects/randy/whirlygig-cpld/whirlygig.jed...
// *** BATCH CMD : Program -p 1 -e -v -defaultVersion 0 


'1': Erasing device...
'1': Erasure completed successfully.
'1': Programming device...
done.
'1': Putting device in ISP mode...done.
'1': Putting device in ISP mode...done.
'1': Verifying device...done.
'1': Verification completed successfully.
'1': Putting device in ISP mode...done.
'1': Programming completed successfully.
PROGRESS_END - End Operation.
Elapsed time =      0 sec.
PROGRESS_START - Starting Operation.
// *** BATCH CMD : setCable -port svf -file"/projects/randy/whirlygig-cpld/whirlygig.svf"
Reusing 6403A981 key.
Reusing E803A981 key.
Updating config file /projects/randy/whirlygig-cpld/whirlygig.jed...
// *** BATCH CMD : Program -p 1 -e -v -defaultVersion 0 


'1': Erasing device...
'1': Erasure completed successfully.
'1': Programming device...
done.
'1': Putting device in ISP mode...done.
'1': Putting device in ISP mode...done.
'1': Verifying device...done.
'1': Verification completed successfully.
'1': Putting device in ISP mode...done.
'1': Programming completed successfully.
PROGRESS_END - End Operation.
Elapsed time =      0 sec.
PROGRESS_START - Starting Operation.
// *** BATCH CMD : setCable -port svf -file"/projects/randy/whirlygig-cpld/whirlygig.svf"
Reusing 6403A981 key.
Reusing E803A981 key.
Updating config file /projects/randy/whirlygig-cpld/whirlygig.jed...
// *** BATCH CMD : Program -p 1 -e -v -defaultVersion 0 


'1': Erasing device...
'1': Erasure completed successfully.
'1': Programming device...
done.
'1': Putting device in ISP mode...done.
'1': Putting device in ISP mode...done.
'1': Verifying device...done.
'1': Verification completed successfully.
'1': Putting device in ISP mode...done.
'1': Programming completed successfully.
PROGRESS_END - End Operation.
Elapsed time =      0 sec.
PROGRESS_START - Starting Operation.
// *** BATCH CMD : setCable -port svf -file"/projects/randy/whirlygig-cpld/whirlygig.svf"
Reusing 6403A981 key.
Reusing E803A981 key.
Updating config file /projects/randy/whirlygig-cpld/whirlygig.jed...
// *** BATCH CMD : Program -p 1 -e -v -defaultVersion 0 


'1': Erasing device...
'1': Erasure completed successfully.
'1': Programming device...
done.
'1': Putting device in ISP mode...done.
'1': Putting device in ISP mode...done.
'1': Verifying device...done.
'1': Verification completed successfully.
'1': Putting device in ISP mode...done.
'1': Programming completed successfully.
PROGRESS_END - End Operation.
Elapsed time =      1 sec.
PROGRESS_START - Starting Operation.
// *** BATCH CMD : setCable -port svf -file"/projects/randy/whirlygig-cpld/whirlygig.svf"
Reusing 6403A981 key.
Reusing E803A981 key.
Updating config file /projects/randy/whirlygig-cpld/whirlygig.jed...
// *** BATCH CMD : Program -p 1 -e -v -defaultVersion 0 


'1': Erasing device...
'1': Erasure completed successfully.
'1': Programming device...
done.
'1': Putting device in ISP mode...done.
'1': Putting device in ISP mode...done.
'1': Verifying device...done.
'1': Verification completed successfully.
'1': Putting device in ISP mode...done.
'1': Programming completed successfully.
PROGRESS_END - End Operation.
Elapsed time =      1 sec.
PROGRESS_START - Starting Operation.
// *** BATCH CMD : setCable -port svf -file"/projects/randy/whirlygig-cpld/whirlygig.svf"
Reusing 6403A981 key.
Reusing E803A981 key.
Updating config file /projects/randy/whirlygig-cpld/whirlygig.jed...
// *** BATCH CMD : Program -p 1 -e -defaultVersion 0 


'1': Erasing device...
'1': Erasure completed successfully.
'1': Programming device...
done.
'1': Putting device in ISP mode...done.
'1': Putting device in ISP mode...done.
'1': Programming completed successfully.
PROGRESS_END - End Operation.
Elapsed time =      0 sec.
PROGRESS_START - Starting Operation.
// *** BATCH CMD : setCable -port svf -file"/projects/randy/whirlygig-cpld/whirlygig.svf"
Reusing 6403A981 key.
Reusing E803A981 key.
Updating config file /projects/randy/whirlygig-cpld/whirlygig.jed...
// *** BATCH CMD : Program -p 1 -e -defaultVersion 0 


'1': Erasing device...
'1': Erasure completed successfully.
'1': Programming device...
done.
'1': Putting device in ISP mode...done.
'1': Putting device in ISP mode...done.
'1': Programming completed successfully.
PROGRESS_END - End Operation.
Elapsed time =      0 sec.
PROGRESS_START - Starting Operation.
// *** BATCH CMD : setCable -port svf -file"/projects/randy/whirlygig-cpld/whirlygig.svf"
Reusing 6403A981 key.
Reusing E803A981 key.
// *** BATCH CMD : Program -p 1 -e -defaultVersion 0 


'1': Erasing device...
'1': Erasure completed successfully.
'1': Programming device...
done.
'1': Putting device in ISP mode...done.
'1': Putting device in ISP mode...done.
'1': Programming completed successfully.
PROGRESS_END - End Operation.
Elapsed time =      0 sec.
PROGRESS_START - Starting Operation.
// *** BATCH CMD : setCable -port svf -file"/projects/randy/whirlygig-cpld/whirlygig.svf"
Reusing 6403A981 key.
Reusing E803A981 key.
Updating config file /projects/randy/whirlygig-cpld/whirlygig.jed...
// *** BATCH CMD : Program -p 1 -e -defaultVersion 0 


'1': Erasing device...
'1': Erasure completed successfully.
'1': Programming device...
done.
'1': Putting device in ISP mode...done.
'1': Putting device in ISP mode...done.
'1': Programming completed successfully.
PROGRESS_END - End Operation.
Elapsed time =      0 sec.
PROGRESS_START - Starting Operation.
// *** BATCH CMD : setCable -port svf -file"/projects/randy/whirlygig-cpld/whirlygig.svf"
Reusing 6403A981 key.
Reusing E803A981 key.
// *** BATCH CMD : Program -p 1 -e -defaultVersion 0 


'1': Erasing device...
'1': Erasure completed successfully.
'1': Programming device...
done.
'1': Putting device in ISP mode...done.
'1': Putting device in ISP mode...done.
'1': Programming completed successfully.
PROGRESS_END - End Operation.
Elapsed time =      0 sec.
PROGRESS_START - Starting Operation.
// *** BATCH CMD : setCable -port svf -file"/projects/randy/whirlygig-cpld/whirlygig.svf"
Reusing 6403A981 key.
Reusing E803A981 key.
Updating config file /projects/randy/whirlygig-cpld/whirlygig.jed...
// *** BATCH CMD : Program -p 1 -e -defaultVersion 0 


'1': Erasing device...
'1': Erasure completed successfully.
'1': Programming device...
done.
'1': Putting device in ISP mode...done.
'1': Putting device in ISP mode...done.
'1': Programming completed successfully.
PROGRESS_END - End Operation.
Elapsed time =      1 sec.
PROGRESS_START - Starting Operation.
// *** BATCH CMD : setCable -port svf -file"/projects/randy/whirlygig-cpld/whirlygig.svf"
Reusing 6403A981 key.
Reusing E803A981 key.
Updating config file /projects/randy/whirlygig-cpld/whirlygig.jed...
// *** BATCH CMD : Program -p 1 -e -defaultVersion 0 


'1': Erasing device...
'1': Erasure completed successfully.
'1': Programming device...
done.
'1': Putting device in ISP mode...done.
'1': Putting device in ISP mode...done.
'1': Programming completed successfully.
PROGRESS_END - End Operation.
Elapsed time =      0 sec.
PROGRESS_START - Starting Operation.
// *** BATCH CMD : setCable -port svf -file"/projects/randy/whirlygig-cpld/whirlygig.svf"
Reusing 6403A981 key.
Reusing E803A981 key.
Updating config file /projects/randy/whirlygig-cpld/whirlygig.jed...
// *** BATCH CMD : Program -p 1 -e -defaultVersion 0 


'1': Erasing device...
'1': Erasure completed successfully.
'1': Programming device...
done.
'1': Putting device in ISP mode...done.
'1': Putting device in ISP mode...done.
'1': Programming completed successfully.
PROGRESS_END - End Operation.
Elapsed time =      0 sec.
PROGRESS_START - Starting Operation.
// *** BATCH CMD : setCable -port svf -file"/projects/randy/whirlygig-cpld/whirlygig.svf"
Reusing 6403A981 key.
Reusing E803A981 key.
Updating config file /projects/randy/whirlygig-cpld/whirlygig.jed...
// *** BATCH CMD : Program -p 1 -e -defaultVersion 0 


'1': Erasing device...
'1': Erasure completed successfully.
'1': Programming device...
done.
'1': Putting device in ISP mode...done.
'1': Putting device in ISP mode...done.
'1': Programming completed successfully.
PROGRESS_END - End Operation.
Elapsed time =      0 sec.
PROGRESS_START - Starting Operation.
